Optimizing 
========= USING OUR INITIALISATION ========= [26/08 17:23:28]
Output folder: ./output/fd5356fe-b [26/08 17:23:28]
Tensorboard not available: not logging progress [26/08 17:23:28]
Set divide_ratio to 0.7 [26/08 17:23:28]

Reading camera 1/55
Reading camera 2/55
Reading camera 3/55
Reading camera 4/55
Reading camera 5/55
Reading camera 6/55
Reading camera 7/55
Reading camera 8/55
Reading camera 9/55
Reading camera 10/55
Reading camera 11/55
Reading camera 12/55
Reading camera 13/55
Reading camera 14/55
Reading camera 15/55
Reading camera 16/55
Reading camera 17/55
Reading camera 18/55
Reading camera 19/55
Reading camera 20/55
Reading camera 21/55
Reading camera 22/55
Reading camera 23/55
Reading camera 24/55
Reading camera 25/55
Reading camera 26/55
Reading camera 27/55
Reading camera 28/55
Reading camera 29/55
Reading camera 30/55
Reading camera 31/55
Reading camera 32/55
Reading camera 33/55
Reading camera 34/55
Reading camera 35/55
Reading camera 36/55
Reading camera 37/55
Reading camera 38/55
Reading camera 39/55
Reading camera 40/55
Reading camera 41/55
Reading camera 42/55
Reading camera 43/55
Reading camera 44/55
Reading camera 45/55
Reading camera 46/55
Reading camera 47/55
Reading camera 48/55
Reading camera 49/55
Reading camera 50/55
Reading camera 51/55
Reading camera 52/55
Reading camera 53/55
Reading camera 54/55
Reading camera 55/55 [26/08 17:23:28]
Loading Training Cameras [26/08 17:23:28]
Use Shifted projection. [26/08 17:23:28]
Loading Test Cameras [26/08 17:23:29]
Number of points at initialisation :  2666 [26/08 17:23:29]

Training progress:   0%|          | 0/30000 [00:00<?, ?it/s]
Training progress:   0%|          | 0/30000 [00:00<?, ?it/s, Loss=0.8006, scaleReg=0.0000, reg=0.0000, mask=0.0000, lpips=0.0000, camReg=0.0000, normalCons=-0.0000]
Training progress:   0%|          | 10/30000 [00:00<09:12, 54.26it/s, Loss=0.8006, scaleReg=0.0000, reg=0.0000, mask=0.0000, lpips=0.0000, camReg=0.0000, normalCons=-0.0000]
Training progress:   0%|          | 10/30000 [00:00<09:12, 54.26it/s, Loss=0.5345, scaleReg=0.0000, reg=0.0000, mask=0.0000, lpips=0.0000, camReg=0.0000, normalCons=-0.0000]
Training progress:   0%|          | 20/30000 [00:00<09:12, 54.26it/s, Loss=0.6886, scaleReg=0.0000, reg=0.0000, mask=0.0000, lpips=0.0000, camReg=0.0000, normalCons=-0.0000]
Training progress:   0%|          | 30/30000 [00:00<04:41, 106.55it/s, Loss=0.6886, scaleReg=0.0000, reg=0.0000, mask=0.0000, lpips=0.0000, camReg=0.0000, normalCons=-0.0000]
Training progress:   0%|          | 30/30000 [00:00<04:41, 106.55it/s, Loss=0.3880, scaleReg=0.0000, reg=0.0000, mask=0.0000, lpips=0.0000, camReg=0.0000, normalCons=-0.0000]
Training progress:   0%|          | 40/30000 [00:00<04:41, 106.55it/s, Loss=0.4969, scaleReg=0.0000, reg=0.0000, mask=0.0000, lpips=0.0000, camReg=0.0000, normalCons=-0.0000]
Training progress:   0%|          | 50/30000 [00:00<03:50, 129.79it/s, Loss=0.4969, scaleReg=0.0000, reg=0.0000, mask=0.0000, lpips=0.0000, camReg=0.0000, normalCons=-0.0000]
Training progress:   0%|          | 50/30000 [00:00<03:50, 129.79it/s, Loss=0.2914, scaleReg=0.0000, reg=0.0000, mask=0.0000, lpips=0.0000, camReg=0.0000, normalCons=-0.0000]
Training progress:   0%|          | 60/30000 [00:00<03:50, 129.79it/s, Loss=0.2294, scaleReg=0.0000, reg=0.0000, mask=0.0000, lpips=0.0000, camReg=0.0000, normalCons=-0.0000]
Training progress:   0%|          | 70/30000 [00:00<03:30, 142.51it/s, Loss=0.2294, scaleReg=0.0000, reg=0.0000, mask=0.0000, lpips=0.0000, camReg=0.0000, normalCons=-0.0000]
Training progress:   0%|          | 70/30000 [00:00<03:30, 142.51it/s, Loss=0.3023, scaleReg=0.0000, reg=0.0000, mask=0.0000, lpips=0.0000, camReg=0.0000, normalCons=-0.0000]
Training progress:   0%|          | 80/30000 [00:00<03:29, 142.51it/s, Loss=0.2035, scaleReg=0.0000, reg=0.0000, mask=0.0000, lpips=0.0000, camReg=0.0000, normalCons=-0.0000]
Training progress:   0%|          | 90/30000 [00:00<03:18, 150.34it/s, Loss=0.2035, scaleReg=0.0000, reg=0.0000, mask=0.0000, lpips=0.0000, camReg=0.0000, normalCons=-0.0000]
Training progress:   0%|          | 90/30000 [00:00<03:18, 150.34it/s, Loss=0.3335, scaleReg=0.0000, reg=0.0000, mask=0.0000, lpips=0.0000, camReg=0.0000, normalCons=-0.0000]
Training progress:   0%|          | 100/30000 [00:00<03:18, 150.34it/s, Loss=0.2573, scaleReg=0.0000, reg=0.0000, mask=0.0000, lpips=0.0000, camReg=0.0000, normalCons=-0.0000]
Training progress:   0%|          | 110/30000 [00:00<03:11, 155.94it/s, Loss=0.2573, scaleReg=0.0000, reg=0.0000, mask=0.0000, lpips=0.0000, camReg=0.0000, normalCons=-0.0000]
Training progress:   0%|          | 110/30000 [00:00<03:11, 155.94it/s, Loss=0.3044, scaleReg=0.0000, reg=0.0000, mask=0.0000, lpips=0.0000, camReg=0.0000, normalCons=0.0000] 
Training progress:   0%|          | 120/30000 [00:00<03:11, 155.94it/s, Loss=0.0982, scaleReg=0.0000, reg=0.0000, mask=0.0000, lpips=0.0000, camReg=0.0000, normalCons=0.0000]
Training progress:   0%|          | 130/30000 [00:00<03:06, 159.94it/s, Loss=0.0982, scaleReg=0.0000, reg=0.0000, mask=0.0000, lpips=0.0000, camReg=0.0000, normalCons=0.0000]
Training progress:   0%|          | 130/30000 [00:00<03:06, 159.94it/s, Loss=0.1259, scaleReg=0.0000, reg=0.0000, mask=0.0000, lpips=0.0000, camReg=0.0000, normalCons=0.0000]
Training progress:   0%|          | 140/30000 [00:01<03:06, 159.94it/s, Loss=0.1410, scaleReg=0.0000, reg=0.0000, mask=0.0000, lpips=0.0000, camReg=0.0000, normalCons=0.0000]
Training progress:   0%|          | 150/30000 [00:01<03:03, 163.02it/s, Loss=0.1410, scaleReg=0.0000, reg=0.0000, mask=0.0000, lpips=0.0000, camReg=0.0000, normalCons=0.0000]
Training progress:   0%|          | 150/30000 [00:01<03:03, 163.02it/s, Loss=0.1521, scaleReg=0.0000, reg=0.0000, mask=0.0000, lpips=0.0000, camReg=0.0000, normalCons=0.0000]
Training progress:   1%|          | 160/30000 [00:01<03:03, 163.02it/s, Loss=0.0921, scaleReg=0.0000, reg=0.0000, mask=0.0000, lpips=0.0000, camReg=0.0000, normalCons=0.0000]
Training progress:   1%|          | 170/30000 [00:01<03:01, 164.72it/s, Loss=0.0921, scaleReg=0.0000, reg=0.0000, mask=0.0000, lpips=0.0000, camReg=0.0000, normalCons=0.0000]
Training progress:   1%|          | 170/30000 [00:01<03:01, 164.72it/s, Loss=0.0735, scaleReg=0.0000, reg=0.0000, mask=0.0000, lpips=0.0000, camReg=0.0000, normalCons=0.0000]
Training progress:   1%|          | 180/30000 [00:01<03:01, 164.72it/s, Loss=0.0777, scaleReg=0.0000, reg=0.0000, mask=0.0000, lpips=0.0000, camReg=0.0000, normalCons=0.0000]
Training progress:   1%|          | 190/30000 [00:01<02:59, 166.33it/s, Loss=0.0777, scaleReg=0.0000, reg=0.0000, mask=0.0000, lpips=0.0000, camReg=0.0000, normalCons=0.0000]
Training progress:   1%|          | 190/30000 [00:01<02:59, 166.33it/s, Loss=0.2549, scaleReg=0.0000, reg=0.0000, mask=0.0000, lpips=0.0000, camReg=0.0000, normalCons=0.0000]
Training progress:   1%|          | 200/30000 [00:01<02:59, 166.33it/s, Loss=0.1510, scaleReg=0.0000, reg=0.0000, mask=0.0000, lpips=0.0000, camReg=0.0000, normalCons=0.0000]
Training progress:   1%|          | 210/30000 [00:01<02:57, 167.38it/s, Loss=0.1510, scaleReg=0.0000, reg=0.0000, mask=0.0000, lpips=0.0000, camReg=0.0000, normalCons=0.0000]
Training progress:   1%|          | 210/30000 [00:01<02:57, 167.38it/s, Loss=0.1531, scaleReg=0.0000, reg=0.0000, mask=0.0000, lpips=0.0000, camReg=0.0000, normalCons=0.0000]
Training progress:   1%|          | 220/30000 [00:01<02:57, 167.38it/s, Loss=0.1697, scaleReg=0.0000, reg=0.0000, mask=0.0000, lpips=0.0000, camReg=0.0000, normalCons=0.0000]
Training progress:   1%|          | 230/30000 [00:01<02:56, 168.65it/s, Loss=0.1697, scaleReg=0.0000, reg=0.0000, mask=0.0000, lpips=0.0000, camReg=0.0000, normalCons=0.0000]
Training progress:   1%|          | 230/30000 [00:01<02:56, 168.65it/s, Loss=0.1194, scaleReg=0.0000, reg=0.0000, mask=0.0000, lpips=0.0000, camReg=0.0000, normalCons=0.0000]
Training progress:   1%|          | 240/30000 [00:01<02:56, 168.65it/s, Loss=0.1613, scaleReg=0.0000, reg=0.0000, mask=0.0000, lpips=0.0000, camReg=0.0000, normalCons=0.0000]
Training progress:   1%|          | 250/30000 [00:01<02:55, 169.22it/s, Loss=0.1613, scaleReg=0.0000, reg=0.0000, mask=0.0000, lpips=0.0000, camReg=0.0000, normalCons=0.0000]
Training progress:   1%|          | 250/30000 [00:01<02:55, 169.22it/s, Loss=0.0656, scaleReg=0.0000, reg=0.0000, mask=0.0000, lpips=0.0000, camReg=0.0000, normalCons=0.0000]
Training progress:   1%|          | 260/30000 [00:01<02:55, 169.22it/s, Loss=0.1108, scaleReg=0.0000, reg=0.0000, mask=0.0000, lpips=0.0000, camReg=0.0000, normalCons=0.0000]
Training progress:   1%|          | 270/30000 [00:01<02:54, 169.98it/s, Loss=0.1108, scaleReg=0.0000, reg=0.0000, mask=0.0000, lpips=0.0000, camReg=0.0000, normalCons=0.0000]
Training progress:   1%|          | 270/30000 [00:01<02:54, 169.98it/s, Loss=0.1029, scaleReg=0.0000, reg=0.0000, mask=0.0000, lpips=0.0000, camReg=0.0000, normalCons=0.0000]
Training progress:   1%|          | 280/30000 [00:01<02:54, 169.98it/s, Loss=0.0396, scaleReg=0.0000, reg=0.0000, mask=0.0000, lpips=0.0000, camReg=0.0000, normalCons=-0.0000]
Training progress:   1%|          | 290/30000 [00:01<02:54, 170.74it/s, Loss=0.0396, scaleReg=0.0000, reg=0.0000, mask=0.0000, lpips=0.0000, camReg=0.0000, normalCons=-0.0000]
Training progress:   1%|          | 290/30000 [00:01<02:54, 170.74it/s, Loss=0.2206, scaleReg=0.0000, reg=0.0000, mask=0.0000, lpips=0.0000, camReg=0.0000, normalCons=-0.0000]
Training progress:   1%|          | 300/30000 [00:01<02:53, 170.74it/s, Loss=0.0961, scaleReg=0.0000, reg=0.0000, mask=0.0000, lpips=0.0000, camReg=0.0000, normalCons=-0.0000]
Training progress:   1%|          | 310/30000 [00:01<02:53, 171.11it/s, Loss=0.0961, scaleReg=0.0000, reg=0.0000, mask=0.0000, lpips=0.0000, camReg=0.0000, normalCons=-0.0000]
Training progress:   1%|          | 310/30000 [00:02<02:53, 171.11it/s, Loss=0.0389, scaleReg=0.0000, reg=0.0000, mask=0.0000, lpips=0.0000, camReg=0.0000, normalCons=-0.0000]
Training progress:   1%|          | 320/30000 [00:02<02:53, 171.11it/s, Loss=0.0434, scaleReg=0.0000, reg=0.0000, mask=0.0000, lpips=0.0000, camReg=0.0000, normalCons=0.0000] 
Training progress:   1%|          | 330/30000 [00:02<02:52, 171.63it/s, Loss=0.0434, scaleReg=0.0000, reg=0.0000, mask=0.0000, lpips=0.0000, camReg=0.0000, normalCons=0.0000]
Training progress:   1%|          | 330/30000 [00:02<02:52, 171.63it/s, Loss=0.1148, scaleReg=0.0001, reg=0.0000, mask=0.0000, lpips=0.0000, camReg=0.0000, normalCons=-0.0000]
Training progress:   1%|          | 340/30000 [00:02<02:52, 171.63it/s, Loss=0.0693, scaleReg=0.0001, reg=0.0000, mask=0.0000, lpips=0.0000, camReg=0.0000, normalCons=0.0000] 
Training progress:   1%|          | 350/30000 [00:02<02:52, 171.70it/s, Loss=0.0693, scaleReg=0.0001, reg=0.0000, mask=0.0000, lpips=0.0000, camReg=0.0000, normalCons=0.0000]
Training progress:   1%|          | 350/30000 [00:02<02:52, 171.70it/s, Loss=0.0386, scaleReg=0.0001, reg=0.0000, mask=0.0000, lpips=0.0000, camReg=0.0000, normalCons=0.0000]
Training progress:   1%|          | 360/30000 [00:02<02:52, 171.70it/s, Loss=0.0340, scaleReg=0.0001, reg=0.0000, mask=0.0000, lpips=0.0000, camReg=0.0000, normalCons=0.0000]
Training progress:   1%|          | 370/30000 [00:02<02:53, 170.90it/s, Loss=0.0340, scaleReg=0.0001, reg=0.0000, mask=0.0000, lpips=0.0000, camReg=0.0000, normalCons=0.0000]
Training progress:   1%|          | 370/30000 [00:02<02:53, 170.90it/s, Loss=0.0541, scaleReg=0.0001, reg=0.0000, mask=0.0000, lpips=0.0000, camReg=0.0000, normalCons=-0.0000]
Training progress:   1%|▏         | 380/30000 [00:02<02:53, 170.90it/s, Loss=0.0273, scaleReg=0.0001, reg=0.0000, mask=0.0000, lpips=0.0000, camReg=0.0000, normalCons=-0.0000]
Training progress:   1%|▏         | 390/30000 [00:02<02:54, 169.85it/s, Loss=0.0273, scaleReg=0.0001, reg=0.0000, mask=0.0000, lpips=0.0000, camReg=0.0000, normalCons=-0.0000]
Training progress:   1%|▏         | 390/30000 [00:02<02:54, 169.85it/s, Loss=0.0469, scaleReg=0.0001, reg=0.0000, mask=0.0000, lpips=0.0000, camReg=0.0000, normalCons=0.0000] 
Training progress:   1%|▏         | 400/30000 [00:02<02:54, 169.85it/s, Loss=0.0376, scaleReg=0.0001, reg=0.0000, mask=0.0000, lpips=0.0000, camReg=0.0000, normalCons=-0.0000]
Training progress:   1%|▏         | 410/30000 [00:02<02:53, 170.47it/s, Loss=0.0376, scaleReg=0.0001, reg=0.0000, mask=0.0000, lpips=0.0000, camReg=0.0000, normalCons=-0.0000]
Training progress:   1%|▏         | 410/30000 [00:02<02:53, 170.47it/s, Loss=0.0385, scaleReg=0.0001, reg=0.0000, mask=0.0000, lpips=0.0000, camReg=0.0000, normalCons=-0.0000]
Training progress:   1%|▏         | 420/30000 [00:02<02:53, 170.47it/s, Loss=0.0357, scaleReg=0.0001, reg=0.0000, mask=0.0000, lpips=0.0000, camReg=0.0000, normalCons=-0.0000]
Training progress:   1%|▏         | 430/30000 [00:02<02:52, 170.96it/s, Loss=0.0357, scaleReg=0.0001, reg=0.0000, mask=0.0000, lpips=0.0000, camReg=0.0000, normalCons=-0.0000]
Training progress:   1%|▏         | 430/30000 [00:02<02:52, 170.96it/s, Loss=0.0446, scaleReg=0.0001, reg=0.0000, mask=0.0000, lpips=0.0000, camReg=0.0000, normalCons=0.0000] 
Training progress:   1%|▏         | 440/30000 [00:02<02:52, 170.96it/s, Loss=0.0362, scaleReg=0.0001, reg=0.0000, mask=0.0000, lpips=0.0000, camReg=0.0000, normalCons=0.0000]
Training progress:   2%|▏         | 450/30000 [00:02<02:52, 171.61it/s, Loss=0.0362, scaleReg=0.0001, reg=0.0000, mask=0.0000, lpips=0.0000, camReg=0.0000, normalCons=0.0000]
Training progress:   2%|▏         | 450/30000 [00:02<02:52, 171.61it/s, Loss=0.0831, scaleReg=0.0001, reg=0.0000, mask=0.0000, lpips=0.0000, camReg=0.0000, normalCons=-0.0000]
Training progress:   2%|▏         | 460/30000 [00:02<02:52, 171.61it/s, Loss=0.0667, scaleReg=0.0001, reg=0.0000, mask=0.0000, lpips=0.0000, camReg=0.0000, normalCons=0.0000] 
Training progress:   2%|▏         | 470/30000 [00:02<02:54, 169.52it/s, Loss=0.0667, scaleReg=0.0001, reg=0.0000, mask=0.0000, lpips=0.0000, camReg=0.0000, normalCons=0.0000]
Training progress:   2%|▏         | 470/30000 [00:02<02:54, 169.52it/s, Loss=0.0332, scaleReg=0.0001, reg=0.0000, mask=0.0000, lpips=0.0000, camReg=0.0000, normalCons=-0.0000]
Training progress:   2%|▏         | 480/30000 [00:03<02:54, 169.52it/s, Loss=0.0369, scaleReg=0.0001, reg=0.0000, mask=0.0000, lpips=0.0000, camReg=0.0000, normalCons=-0.0000]
Training progress:   2%|▏         | 490/30000 [00:03<02:52, 170.62it/s, Loss=0.0369, scaleReg=0.0001, reg=0.0000, mask=0.0000, lpips=0.0000, camReg=0.0000, normalCons=-0.0000]
Training progress:   2%|▏         | 490/30000 [00:03<02:52, 170.62it/s, Loss=0.0654, scaleReg=0.0001, reg=0.0000, mask=0.0000, lpips=0.0000, camReg=0.0000, normalCons=-0.0000]
Training progress:   2%|▏         | 500/30000 [00:03<02:52, 170.62it/s, Loss=0.6755, scaleReg=0.0001, reg=0.0000, mask=0.0000, lpips=0.0000, camReg=0.0000, normalCons=0.0000] 
Training progress:   2%|▏         | 510/30000 [00:03<02:52, 170.67it/s, Loss=0.6755, scaleReg=0.0001, reg=0.0000, mask=0.0000, lpips=0.0000, camReg=0.0000, normalCons=0.0000]
Training progress:   2%|▏         | 510/30000 [00:03<02:52, 170.67it/s, Loss=0.3304, scaleReg=0.0001, reg=0.0000, mask=0.0000, lpips=0.0000, camReg=0.0000, normalCons=0.0000]
Training progress:   2%|▏         | 520/30000 [00:03<02:52, 170.67it/s, Loss=0.0875, scaleReg=0.0001, reg=0.0000, mask=0.0000, lpips=0.0000, camReg=0.0000, normalCons=0.0000]
Training progress:   2%|▏         | 530/30000 [00:03<02:54, 169.00it/s, Loss=0.0875, scaleReg=0.0001, reg=0.0000, mask=0.0000, lpips=0.0000, camReg=0.0000, normalCons=0.0000]
Training progress:   2%|▏         | 530/30000 [00:03<02:54, 169.00it/s, Loss=0.0341, scaleReg=0.0001, reg=0.0000, mask=0.0000, lpips=0.0000, camReg=0.0000, normalCons=-0.0000]
Training progress:   2%|▏         | 540/30000 [00:03<02:54, 169.00it/s, Loss=0.0319, scaleReg=0.0001, reg=0.0000, mask=0.0000, lpips=0.0000, camReg=0.0000, normalCons=0.0000] 
Training progress:   2%|▏         | 550/30000 [00:03<02:53, 169.96it/s, Loss=0.0319, scaleReg=0.0001, reg=0.0000, mask=0.0000, lpips=0.0000, camReg=0.0000, normalCons=0.0000]
Training progress:   2%|▏         | 550/30000 [00:03<02:53, 169.96it/s, Loss=0.0318, scaleReg=0.0001, reg=0.0000, mask=0.0000, lpips=0.0000, camReg=0.0000, normalCons=0.0000]
Training progress:   2%|▏         | 560/30000 [00:03<02:53, 169.96it/s, Loss=0.0647, scaleReg=0.0001, reg=0.0000, mask=0.0000, lpips=0.0000, camReg=0.0000, normalCons=-0.0000]
Training progress:   2%|▏         | 570/30000 [00:03<02:52, 170.86it/s, Loss=0.0647, scaleReg=0.0001, reg=0.0000, mask=0.0000, lpips=0.0000, camReg=0.0000, normalCons=-0.0000]
Training progress:   2%|▏         | 570/30000 [00:03<02:52, 170.86it/s, Loss=0.0320, scaleReg=0.0001, reg=0.0000, mask=0.0000, lpips=0.0000, camReg=0.0000, normalCons=-0.0000]
Training progress:   2%|▏         | 580/30000 [00:03<02:52, 170.86it/s, Loss=0.0387, scaleReg=0.0002, reg=0.0000, mask=0.0000, lpips=0.0000, camReg=0.0000, normalCons=0.0000] 
Training progress:   2%|▏         | 590/30000 [00:03<02:51, 171.27it/s, Loss=0.0387, scaleReg=0.0002, reg=0.0000, mask=0.0000, lpips=0.0000, camReg=0.0000, normalCons=0.0000]
Training progress:   2%|▏         | 590/30000 [00:03<02:51, 171.27it/s, Loss=0.0686, scaleReg=0.0002, reg=0.0000, mask=0.0000, lpips=0.0000, camReg=0.0000, normalCons=0.0000]
Training progress:   2%|▏         | 600/30000 [00:03<02:51, 171.27it/s, Loss=0.0863, scaleReg=0.0006, reg=0.0000, mask=0.0000, lpips=0.0000, camReg=0.0000, normalCons=-0.0000]
Training progress:   2%|▏         | 610/30000 [00:03<03:02, 160.90it/s, Loss=0.0863, scaleReg=0.0006, reg=0.0000, mask=0.0000, lpips=0.0000, camReg=0.0000, normalCons=-0.0000]
Training progress:   2%|▏         | 610/30000 [00:03<03:02, 160.90it/s, Loss=0.0913, scaleReg=0.0004, reg=0.0000, mask=0.0000, lpips=0.0000, camReg=0.0000, normalCons=-0.0000]
Training progress:   2%|▏         | 620/30000 [00:03<03:02, 160.90it/s, Loss=0.0606, scaleReg=0.0003, reg=0.0000, mask=0.0000, lpips=0.0000, camReg=0.0000, normalCons=0.0000] 
Training progress:   2%|▏         | 630/30000 [00:03<02:59, 163.81it/s, Loss=0.0606, scaleReg=0.0003, reg=0.0000, mask=0.0000, lpips=0.0000, camReg=0.0000, normalCons=0.0000]
Training progress:   2%|▏         | 630/30000 [00:03<02:59, 163.81it/s, Loss=0.0650, scaleReg=0.0002, reg=0.0000, mask=0.0000, lpips=0.0000, camReg=0.0000, normalCons=0.0000]
Training progress:   2%|▏         | 640/30000 [00:03<02:59, 163.81it/s, Loss=0.0731, scaleReg=0.0001, reg=0.0000, mask=0.0000, lpips=0.0000, camReg=0.0000, normalCons=0.0000]
Training progress:   2%|▏         | 650/30000 [00:03<02:57, 165.08it/s, Loss=0.0731, scaleReg=0.0001, reg=0.0000, mask=0.0000, lpips=0.0000, camReg=0.0000, normalCons=0.0000]
Training progress:   2%|▏         | 650/30000 [00:04<02:57, 165.08it/s, Loss=0.0607, scaleReg=0.0002, reg=0.0000, mask=0.0000, lpips=0.0000, camReg=0.0000, normalCons=-0.0000]
Training progress:   2%|▏         | 660/30000 [00:04<02:57, 165.08it/s, Loss=0.0482, scaleReg=0.0001, reg=0.0000, mask=0.0000, lpips=0.0000, camReg=0.0000, normalCons=0.0000] 
Training progress:   2%|▏         | 670/30000 [00:04<02:55, 166.83it/s, Loss=0.0482, scaleReg=0.0001, reg=0.0000, mask=0.0000, lpips=0.0000, camReg=0.0000, normalCons=0.0000]
Training progress:   2%|▏         | 670/30000 [00:04<02:55, 166.83it/s, Loss=0.0781, scaleReg=0.0001, reg=0.0000, mask=0.0000, lpips=0.0000, camReg=0.0000, normalCons=0.0000]
Training progress:   2%|▏         | 680/30000 [00:04<02:55, 166.83it/s, Loss=0.0497, scaleReg=0.0000, reg=0.0000, mask=0.0000, lpips=0.0000, camReg=0.0000, normalCons=0.0000]
Training progress:   2%|▏         | 690/30000 [00:04<02:54, 168.19it/s, Loss=0.0497, scaleReg=0.0000, reg=0.0000, mask=0.0000, lpips=0.0000, camReg=0.0000, normalCons=0.0000]
Training progress:   2%|▏         | 690/30000 [00:04<02:54, 168.19it/s, Loss=0.0507, scaleReg=0.0001, reg=0.0000, mask=0.0000, lpips=0.0000, camReg=0.0000, normalCons=0.0000]
Training progress:   2%|▏         | 700/30000 [00:04<02:54, 168.19it/s, Loss=0.0839, scaleReg=0.0004, reg=0.0000, mask=0.0000, lpips=0.0000, camReg=0.0000, normalCons=0.0000]
Training progress:   2%|▏         | 710/30000 [00:04<02:57, 165.23it/s, Loss=0.0839, scaleReg=0.0004, reg=0.0000, mask=0.0000, lpips=0.0000, camReg=0.0000, normalCons=0.0000]
Training progress:   2%|▏         | 710/30000 [00:04<02:57, 165.23it/s, Loss=0.0595, scaleReg=0.0004, reg=0.0000, mask=0.0000, lpips=0.0000, camReg=0.0000, normalCons=-0.0000]
Training progress:   2%|▏         | 720/30000 [00:04<02:57, 165.23it/s, Loss=0.0510, scaleReg=0.0003, reg=0.0000, mask=0.0000, lpips=0.0000, camReg=0.0000, normalCons=-0.0000]
Training progress:   2%|▏         | 730/30000 [00:04<02:58, 163.72it/s, Loss=0.0510, scaleReg=0.0003, reg=0.0000, mask=0.0000, lpips=0.0000, camReg=0.0000, normalCons=-0.0000]
Training progress:   2%|▏         | 730/30000 [00:04<02:58, 163.72it/s, Loss=0.0547, scaleReg=0.0002, reg=0.0000, mask=0.0000, lpips=0.0000, camReg=0.0000, normalCons=0.0000] 
Training progress:   2%|▏         | 740/30000 [00:04<02:58, 163.72it/s, Loss=0.0373, scaleReg=0.0001, reg=0.0000, mask=0.0000, lpips=0.0000, camReg=0.0000, normalCons=0.0000]
Training progress:   2%|▎         | 750/30000 [00:04<02:58, 163.50it/s, Loss=0.0373, scaleReg=0.0001, reg=0.0000, mask=0.0000, lpips=0.0000, camReg=0.0000, normalCons=0.0000]
Training progress:   2%|▎         | 750/30000 [00:04<02:58, 163.50it/s, Loss=0.0334, scaleReg=0.0001, reg=0.0000, mask=0.0000, lpips=0.0000, camReg=0.0000, normalCons=0.0000]
Training progress:   3%|▎         | 760/30000 [00:04<02:58, 163.50it/s, Loss=0.0440, scaleReg=0.0001, reg=0.0000, mask=0.0000, lpips=0.0000, camReg=0.0000, normalCons=0.0000]
Training progress:   3%|▎         | 770/30000 [00:04<03:02, 160.29it/s, Loss=0.0440, scaleReg=0.0001, reg=0.0000, mask=0.0000, lpips=0.0000, camReg=0.0000, normalCons=0.0000]
Training progress:   3%|▎         | 770/30000 [00:04<03:02, 160.29it/s, Loss=0.0291, scaleReg=0.0001, reg=0.0000, mask=0.0000, lpips=0.0000, camReg=0.0000, normalCons=-0.0000]
Training progress:   3%|▎         | 780/30000 [00:04<03:02, 160.29it/s, Loss=0.0301, scaleReg=0.0001, reg=0.0000, mask=0.0000, lpips=0.0000, camReg=0.0000, normalCons=-0.0000]
Training progress:   3%|▎         | 790/30000 [00:04<02:59, 163.02it/s, Loss=0.0301, scaleReg=0.0001, reg=0.0000, mask=0.0000, lpips=0.0000, camReg=0.0000, normalCons=-0.0000]
Training progress:   3%|▎         | 790/30000 [00:04<02:59, 163.02it/s, Loss=0.0309, scaleReg=0.0002, reg=0.0000, mask=0.0000, lpips=0.0000, camReg=0.0000, normalCons=0.0000] 
Training progress:   3%|▎         | 800/30000 [00:04<02:59, 163.02it/s, Loss=0.0745, scaleReg=0.0005, reg=0.0000, mask=0.0000, lpips=0.0000, camReg=0.0000, normalCons=0.0000]
Training progress:   3%|▎         | 810/30000 [00:04<03:01, 160.70it/s, Loss=0.0745, scaleReg=0.0005, reg=0.0000, mask=0.0000, lpips=0.0000, camReg=0.0000, normalCons=0.0000]
Training progress:   3%|▎         | 810/30000 [00:05<03:01, 160.70it/s, Loss=0.0928, scaleReg=0.0004, reg=0.0000, mask=0.0000, lpips=0.0000, camReg=0.0000, normalCons=0.0000]
Training progress:   3%|▎         | 820/30000 [00:05<03:01, 160.70it/s, Loss=0.0609, scaleReg=0.0003, reg=0.0000, mask=0.0000, lpips=0.0000, camReg=0.0000, normalCons=0.0000]
Training progress:   3%|▎         | 830/30000 [00:05<03:01, 160.75it/s, Loss=0.0609, scaleReg=0.0003, reg=0.0000, mask=0.0000, lpips=0.0000, camReg=0.0000, normalCons=0.0000]
Training progress:   3%|▎         | 830/30000 [00:05<03:01, 160.75it/s, Loss=0.0504, scaleReg=0.0002, reg=0.0000, mask=0.0000, lpips=0.0000, camReg=0.0000, normalCons=-0.0000]
Training progress:   3%|▎         | 840/30000 [00:05<03:01, 160.75it/s, Loss=0.0484, scaleReg=0.0002, reg=0.0000, mask=0.0000, lpips=0.0000, camReg=0.0000, normalCons=-0.0000]
Training progress:   3%|▎         | 850/30000 [00:05<03:01, 161.02it/s, Loss=0.0484, scaleReg=0.0002, reg=0.0000, mask=0.0000, lpips=0.0000, camReg=0.0000, normalCons=-0.0000]
Training progress:   3%|▎         | 850/30000 [00:05<03:01, 161.02it/s, Loss=0.0395, scaleReg=0.0002, reg=0.0000, mask=0.0000, lpips=0.0000, camReg=0.0000, normalCons=-0.0000]
Training progress:   3%|▎         | 860/30000 [00:05<03:00, 161.02it/s, Loss=0.0328, scaleReg=0.0002, reg=0.0000, mask=0.0000, lpips=0.0000, camReg=0.0000, normalCons=0.0000] 
Training progress:   3%|▎         | 870/30000 [00:05<02:59, 161.93it/s, Loss=0.0328, scaleReg=0.0002, reg=0.0000, mask=0.0000, lpips=0.0000, camReg=0.0000, normalCons=0.0000]
Training progress:   3%|▎         | 870/30000 [00:05<02:59, 161.93it/s, Loss=0.0240, scaleReg=0.0002, reg=0.0000, mask=0.0000, lpips=0.0000, camReg=0.0000, normalCons=0.0000]
Training progress:   3%|▎         | 880/30000 [00:05<02:59, 161.93it/s, Loss=0.0239, scaleReg=0.0003, reg=0.0000, mask=0.0000, lpips=0.0000, camReg=0.0000, normalCons=-0.0000]
Training progress:   3%|▎         | 890/30000 [00:05<02:59, 162.61it/s, Loss=0.0239, scaleReg=0.0003, reg=0.0000, mask=0.0000, lpips=0.0000, camReg=0.0000, normalCons=-0.0000]
Training progress:   3%|▎         | 890/30000 [00:05<02:59, 162.61it/s, Loss=0.0319, scaleReg=0.0003, reg=0.0000, mask=0.0000, lpips=0.0000, camReg=0.0000, normalCons=-0.0000]
Training progress:   3%|▎         | 900/30000 [00:05<02:58, 162.61it/s, Loss=0.0584, scaleReg=0.0008, reg=0.0000, mask=0.0000, lpips=0.0000, camReg=0.0000, normalCons=0.0000] 
Training progress:   3%|▎         | 910/30000 [00:05<03:03, 158.69it/s, Loss=0.0584, scaleReg=0.0008, reg=0.0000, mask=0.0000, lpips=0.0000, camReg=0.0000, normalCons=0.0000]
Training progress:   3%|▎         | 910/30000 [00:05<03:03, 158.69it/s, Loss=0.0608, scaleReg=0.0005, reg=0.0000, mask=0.0000, lpips=0.0000, camReg=0.0000, normalCons=0.0000]
Training progress:   3%|▎         | 920/30000 [00:05<03:03, 158.69it/s, Loss=0.0354, scaleReg=0.0004, reg=0.0000, mask=0.0000, lpips=0.0000, camReg=0.0000, normalCons=-0.0000]
Training progress:   3%|▎         | 930/30000 [00:05<03:04, 157.42it/s, Loss=0.0354, scaleReg=0.0004, reg=0.0000, mask=0.0000, lpips=0.0000, camReg=0.0000, normalCons=-0.0000]
Training progress:   3%|▎         | 930/30000 [00:05<03:04, 157.42it/s, Loss=0.0351, scaleReg=0.0003, reg=0.0000, mask=0.0000, lpips=0.0000, camReg=0.0000, normalCons=0.0000] 
Training progress:   3%|▎         | 940/30000 [00:05<03:04, 157.42it/s, Loss=0.0399, scaleReg=0.0004, reg=0.0000, mask=0.0000, lpips=0.0000, camReg=0.0000, normalCons=0.0000]
Training progress:   3%|▎         | 950/30000 [00:05<03:04, 157.08it/s, Loss=0.0399, scaleReg=0.0004, reg=0.0000, mask=0.0000, lpips=0.0000, camReg=0.0000, normalCons=0.0000]
Training progress:   3%|▎         | 950/30000 [00:05<03:04, 157.08it/s, Loss=0.0566, scaleReg=0.0004, reg=0.0000, mask=0.0000, lpips=0.0000, camReg=0.0000, normalCons=-0.0000]
Training progress:   3%|▎         | 960/30000 [00:05<03:04, 157.08it/s, Loss=0.0358, scaleReg=0.0005, reg=0.0000, mask=0.0000, lpips=0.0000, camReg=0.0000, normalCons=-0.0000]
Training progress:   3%|▎         | 970/30000 [00:05<03:04, 157.20it/s, Loss=0.0358, scaleReg=0.0005, reg=0.0000, mask=0.0000, lpips=0.0000, camReg=0.0000, normalCons=-0.0000]
Training progress:   3%|▎         | 970/30000 [00:06<03:04, 157.20it/s, Loss=0.0310, scaleReg=0.0006, reg=0.0000, mask=0.0000, lpips=0.0000, camReg=0.0000, normalCons=0.0000] 
Training progress:   3%|▎         | 980/30000 [00:06<03:04, 157.20it/s, Loss=0.0217, scaleReg=0.0007, reg=0.0000, mask=0.0000, lpips=0.0000, camReg=0.0000, normalCons=0.0000]
Training progress:   3%|▎         | 990/30000 [00:06<03:04, 157.29it/s, Loss=0.0217, scaleReg=0.0007, reg=0.0000, mask=0.0000, lpips=0.0000, camReg=0.0000, normalCons=0.0000]
Training progress:   3%|▎         | 990/30000 [00:06<03:04, 157.29it/s, Loss=0.0201, scaleReg=0.0007, reg=0.0000, mask=0.0000, lpips=0.0000, camReg=0.0000, normalCons=0.0000]
Training progress:   3%|▎         | 1000/30000 [00:06<03:04, 157.29it/s, Loss=0.0303, scaleReg=0.0014, reg=0.0000, mask=0.0000, lpips=0.0000, camReg=0.0000, normalCons=0.0000]
Training progress:   3%|▎         | 1010/30000 [00:06<03:08, 153.81it/s, Loss=0.0303, scaleReg=0.0014, reg=0.0000, mask=0.0000, lpips=0.0000, camReg=0.0000, normalCons=0.0000]
Training progress:   3%|▎         | 1010/30000 [00:06<03:08, 153.81it/s, Loss=0.0291, scaleReg=0.0013, reg=0.0000, mask=0.0000, lpips=0.0000, camReg=0.0000, normalCons=0.0000]
Training progress:   3%|▎         | 1020/30000 [00:06<03:08, 153.81it/s, Loss=0.0252, scaleReg=0.0015, reg=0.0000, mask=0.0000, lpips=0.0000, camReg=0.0000, normalCons=-0.0000]
Training progress:   3%|▎         | 1030/30000 [00:06<03:10, 151.92it/s, Loss=0.0252, scaleReg=0.0015, reg=0.0000, mask=0.0000, lpips=0.0000, camReg=0.0000, normalCons=-0.0000]
Training progress:   3%|▎         | 1030/30000 [00:06<03:10, 151.92it/s, Loss=0.0260, scaleReg=0.0014, reg=0.0000, mask=0.0000, lpips=0.0000, camReg=0.0000, normalCons=0.0000] 
Training progress:   3%|▎         | 1040/30000 [00:06<03:10, 151.92it/s, Loss=0.0240, scaleReg=0.0014, reg=0.0000, mask=0.0000, lpips=0.0000, camReg=0.0000, normalCons=0.0000]
Training progress:   4%|▎         | 1050/30000 [00:06<03:11, 151.11it/s, Loss=0.0240, scaleReg=0.0014, reg=0.0000, mask=0.0000, lpips=0.0000, camReg=0.0000, normalCons=0.0000]
Training progress:   4%|▎         | 1050/30000 [00:06<03:11, 151.11it/s, Loss=0.0204, scaleReg=0.0015, reg=0.0000, mask=0.0000, lpips=0.0000, camReg=0.0000, normalCons=0.0000]
Training progress:   4%|▎         | 1060/30000 [00:06<03:11, 151.11it/s, Loss=0.0196, scaleReg=0.0015, reg=0.0000, mask=0.0000, lpips=0.0000, camReg=0.0000, normalCons=0.0000]
Training progress:   4%|▎         | 1070/30000 [00:06<03:12, 150.64it/s, Loss=0.0196, scaleReg=0.0015, reg=0.0000, mask=0.0000, lpips=0.0000, camReg=0.0000, normalCons=0.0000]
Training progress:   4%|▎         | 1070/30000 [00:06<03:12, 150.64it/s, Loss=0.0263, scaleReg=0.0014, reg=0.0000, mask=0.0000, lpips=0.0000, camReg=0.0000, normalCons=0.0000]
Training progress:   4%|▎         | 1080/30000 [00:06<03:11, 150.64it/s, Loss=0.0293, scaleReg=0.0015, reg=0.0000, mask=0.0000, lpips=0.0000, camReg=0.0000, normalCons=-0.0000]
Training progress:   4%|▎         | 1090/30000 [00:06<03:12, 150.52it/s, Loss=0.0293, scaleReg=0.0015, reg=0.0000, mask=0.0000, lpips=0.0000, camReg=0.0000, normalCons=-0.0000]
Training progress:   4%|▎         | 1090/30000 [00:06<03:12, 150.52it/s, Loss=0.0207, scaleReg=0.0014, reg=0.0000, mask=0.0000, lpips=0.0000, camReg=0.0000, normalCons=0.0000] 
Training progress:   4%|▎         | 1100/30000 [00:06<03:11, 150.52it/s, Loss=0.0601, scaleReg=0.0025, reg=0.0000, mask=0.0000, lpips=0.0000, camReg=0.0000, normalCons=-0.0000]
Training progress:   4%|▎         | 1110/30000 [00:06<03:16, 146.91it/s, Loss=0.0601, scaleReg=0.0025, reg=0.0000, mask=0.0000, lpips=0.0000, camReg=0.0000, normalCons=-0.0000]
Training progress:   4%|▎         | 1110/30000 [00:06<03:16, 146.91it/s, Loss=0.0281, scaleReg=0.0021, reg=0.0000, mask=0.0000, lpips=0.0000, camReg=0.0000, normalCons=0.0000] 
Training progress:   4%|▎         | 1120/30000 [00:07<03:16, 146.91it/s, Loss=0.0284, scaleReg=0.0019, reg=0.0000, mask=0.0000, lpips=0.0000, camReg=0.0000, normalCons=0.0000]
Training progress:   4%|▍         | 1130/30000 [00:07<03:17, 145.85it/s, Loss=0.0284, scaleReg=0.0019, reg=0.0000, mask=0.0000, lpips=0.0000, camReg=0.0000, normalCons=0.0000]
Training progress:   4%|▍         | 1130/30000 [00:07<03:17, 145.85it/s, Loss=0.0266, scaleReg=0.0016, reg=0.0000, mask=0.0000, lpips=0.0000, camReg=0.0000, normalCons=-0.0000]
